# JRE version: Java(TM) SE Runtime Environment (17.0.6+9) (build 17.0.6+9-LTS-190)
# Java VM: Java HotSpot(TM) 64-Bit Server VM (17.0.6+9-LTS-190, mixed mode, sharing, tiered, compressed oops, compressed class ptrs, g1 gc, linux-amd64)
GC Precious Log:
 CPUs: 32 total, 12 available
 Memory: 31983M
 Large Page Support: Disabled
 NUMA Support: Disabled
 Compressed Oops: Enabled (Zero based)
 Heap Region Size: 4M
 Heap Min Capacity: 8M
 Heap Initial Capacity: 500M
 Heap Max Capacity: 7996M
 Pre-touch: Disabled
 Parallel Workers: 10
 Concurrent Workers: 3
 Concurrent Refinement Workers: 10
 Periodic GC: Disabled
Heap:
 garbage-first heap   total 98304K, used 49974K [0x000000060c400000, 0x0000000800000000)
  region size 4096K, 9 young (36864K), 1 survivors (4096K)
 Metaspace       used 34270K, committed 34688K, reserved 1081344K
  class space    used 4769K, committed 4992K, reserved 1048576K
GC Heap History (12 events):
Event: 0,374 GC heap before
{Heap before GC invocations=0 (full 0):
 garbage-first heap   total 520192K, used 28644K [0x000000060c400000, 0x0000000800000000)
  region size 4096K, 6 young (24576K), 0 survivors (0K)
 Metaspace       used 5202K, committed 5440K, reserved 1056768K
  class space    used 655K, committed 768K, reserved 1048576K
}
Event: 0,378 GC heap after
{Heap after GC invocations=1 (full 0):
 garbage-first heap   total 520192K, used 11285K [0x000000060c400000, 0x0000000800000000)
  region size 4096K, 1 young (4096K), 1 survivors (4096K)
 Metaspace       used 5202K, committed 5440K, reserved 1056768K
  class space    used 655K, committed 768K, reserved 1048576K
}
Event: 0,666 GC heap before
{Heap before GC invocations=1 (full 0):
 garbage-first heap   total 520192K, used 31765K [0x000000060c400000, 0x0000000800000000)
  region size 4096K, 6 young (24576K), 1 survivors (4096K)
 Metaspace       used 10314K, committed 10560K, reserved 1064960K
  class space    used 1323K, committed 1472K, reserved 1048576K
}
Event: 0,668 GC heap after
{Heap after GC invocations=2 (full 0):
 garbage-first heap   total 520192K, used 13008K [0x000000060c400000, 0x0000000800000000)
  region size 4096K, 1 young (4096K), 1 survivors (4096K)
 Metaspace       used 10314K, committed 10560K, reserved 1064960K
  class space    used 1323K, committed 1472K, reserved 1048576K
}
Event: 0,997 GC heap before
{Heap before GC invocations=2 (full 0):
 garbage-first heap   total 520192K, used 58064K [0x000000060c400000, 0x0000000800000000)
  region size 4096K, 12 young (49152K), 1 survivors (4096K)
 Metaspace       used 19665K, committed 19904K, reserved 1073152K
  class space    used 2645K, committed 2752K, reserved 1048576K
}
Event: 1,000 GC heap after
{Heap after GC invocations=3 (full 0):
 garbage-first heap   total 520192K, used 15668K [0x000000060c400000, 0x0000000800000000)
  region size 4096K, 2 young (8192K), 2 survivors (8192K)
 Metaspace       used 19665K, committed 19904K, reserved 1073152K
  class space    used 2645K, committed 2752K, reserved 1048576K
}
Event: 1,041 GC heap before
{Heap before GC invocations=3 (full 0):
 garbage-first heap   total 520192K, used 27956K [0x000000060c400000, 0x0000000800000000)
  region size 4096K, 6 young (24576K), 2 survivors (8192K)
 Metaspace       used 21263K, committed 21504K, reserved 1073152K
  class space    used 2813K, committed 2944K, reserved 1048576K
}
Event: 1,043 GC heap after
{Heap after GC invocations=4 (full 0):
 garbage-first heap   total 520192K, used 17586K [0x000000060c400000, 0x0000000800000000)
  region size 4096K, 2 young (8192K), 2 survivors (8192K)
 Metaspace       used 21263K, committed 21504K, reserved 1073152K
  class space    used 2813K, committed 2944K, reserved 1048576K
}
Event: 1,403 GC heap before
{Heap before GC invocations=5 (full 0):
 garbage-first heap   total 98304K, used 66738K [0x000000060c400000, 0x0000000800000000)
  region size 4096K, 14 young (57344K), 2 survivors (8192K)
 Metaspace       used 27758K, committed 28032K, reserved 1081344K
  class space    used 3696K, committed 3840K, reserved 1048576K
}
Event: 1,408 GC heap after
{Heap after GC invocations=6 (full 0):
 garbage-first heap   total 98304K, used 20600K [0x000000060c400000, 0x0000000800000000)
  region size 4096K, 2 young (8192K), 2 survivors (8192K)
 Metaspace       used 27758K, committed 28032K, reserved 1081344K
  class space    used 3696K, committed 3840K, reserved 1048576K
}
Event: 1,449 GC heap before
{Heap before GC invocations=6 (full 0):
 garbage-first heap   total 98304K, used 24696K [0x000000060c400000, 0x0000000800000000)
  region size 4096K, 3 young (12288K), 2 survivors (8192K)
 Metaspace       used 28188K, committed 28480K, reserved 1081344K
  class space    used 3766K, committed 3904K, reserved 1048576K
}
Event: 1,454 GC heap after
{Heap after GC invocations=7 (full 0):
 garbage-first heap   total 98304K, used 21302K [0x000000060c400000, 0x0000000800000000)
  region size 4096K, 1 young (4096K), 1 survivors (4096K)
 Metaspace       used 28188K, committed 28480K, reserved 1081344K
  class space    used 3766K, committed 3904K, reserved 1048576K
}

